# JRE version: OpenJDK Runtime Environment (8.0) (build 1.8.0-25-microsoft-b00)
# Java VM: OpenJDK 64-Bit Server VM (25.71-b00 mixed mode windows-amd64 compressed oops)
Heap:
 PSYoungGen      total 253952K, used 253935K [0x00000000eab00000, 0x0000000100000000, 0x0000000100000000)
  eden space 158720K, 100% used [0x00000000eab00000,0x00000000f4600000,0x00000000f4600000)
  from space 95232K, 99% used [0x00000000f4600000,0x00000000fa2fbf40,0x00000000fa300000)
  to   space 95232K, 85% used [0x00000000fa300000,0x00000000ff2cc660,0x0000000100000000)
 ParOldGen       total 296448K, used 194680K [0x00000000c0000000, 0x00000000d2180000, 0x00000000eab00000)
  object space 296448K, 65% used [0x00000000c0000000,0x00000000cbe1e078,0x00000000d2180000)
 Metaspace       used 7057K, capacity 7672K, committed 7936K, reserved 1056768K
  class space    used 625K, capacity 688K, committed 768K, reserved 1048576K
GC Heap History (10 events):
Event: 16.493 GC heap after
Heap after GC invocations=11 (full 1):
 PSYoungGen      total 245760K, used 51237K [0x00000000eab00000, 0x0000000100000000, 0x0000000100000000)
  eden space 187392K, 0% used [0x00000000eab00000,0x00000000eab00000,0x00000000f6200000)
  from space 58368K, 87% used [0x00000000fc700000,0x00000000ff909568,0x0000000100000000)
  to   space 80896K, 0% used [0x00000000f6200000,0x00000000f6200000,0x00000000fb100000)
 ParOldGen       total 165376K, used 150489K [0x00000000c0000000, 0x00000000ca180000, 0x00000000eab00000)
  object space 165376K, 90% used [0x00000000c0000000,0x00000000c92f66b8,0x00000000ca180000)
 Metaspace       used 6688K, capacity 7350K, committed 7552K, reserved 1056768K
  class space    used 609K, capacity 622K, committed 640K, reserved 1048576K
}
Event: 16.493 GC heap before
{Heap before GC invocations=12 (full 2):
 PSYoungGen      total 245760K, used 51237K [0x00000000eab00000, 0x0000000100000000, 0x0000000100000000)
  eden space 187392K, 0% used [0x00000000eab00000,0x00000000eab00000,0x00000000f6200000)
  from space 58368K, 87% used [0x00000000fc700000,0x00000000ff909568,0x0000000100000000)
  to   space 80896K, 0% used [0x00000000f6200000,0x00000000f6200000,0x00000000fb100000)
 ParOldGen       total 165376K, used 150489K [0x00000000c0000000, 0x00000000ca180000, 0x00000000eab00000)
  object space 165376K, 90% used [0x00000000c0000000,0x00000000c92f66b8,0x00000000ca180000)
 Metaspace       used 6688K, capacity 7350K, committed 7552K, reserved 1056768K
  class space    used 609K, capacity 622K, committed 640K, reserved 1048576K
Event: 21.616 GC heap after
Heap after GC invocations=12 (full 2):
 PSYoungGen      total 245760K, used 29525K [0x00000000eab00000, 0x0000000100000000, 0x0000000100000000)
  eden space 187392K, 0% used [0x00000000eab00000,0x00000000eab00000,0x00000000f6200000)
  from space 58368K, 50% used [0x00000000fc700000,0x00000000fe3d57b8,0x0000000100000000)
  to   space 80896K, 0% used [0x00000000f6200000,0x00000000f6200000,0x00000000fb100000)
 ParOldGen       total 296448K, used 165069K [0x00000000c0000000, 0x00000000d2180000, 0x00000000eab00000)
  object space 296448K, 55% used [0x00000000c0000000,0x00000000ca133760,0x00000000d2180000)
 Metaspace       used 6688K, capacity 7350K, committed 7552K, reserved 1056768K
  class space    used 609K, capacity 622K, committed 640K, reserved 1048576K
}
Event: 22.867 GC heap before
{Heap before GC invocations=13 (full 2):
 PSYoungGen      total 245760K, used 216917K [0x00000000eab00000, 0x0000000100000000, 0x0000000100000000)
  eden space 187392K, 100% used [0x00000000eab00000,0x00000000f6200000,0x00000000f6200000)
  from space 58368K, 50% used [0x00000000fc700000,0x00000000fe3d57b8,0x0000000100000000)
  to   space 80896K, 0% used [0x00000000f6200000,0x00000000f6200000,0x00000000fb100000)
 ParOldGen       total 296448K, used 165069K [0x00000000c0000000, 0x00000000d2180000, 0x00000000eab00000)
  object space 296448K, 55% used [0x00000000c0000000,0x00000000ca133760,0x00000000d2180000)
 Metaspace       used 6690K, capacity 7350K, committed 7552K, reserved 1056768K
  class space    used 609K, capacity 622K, committed 640K, reserved 1048576K
Event: 23.178 GC heap after
Heap after GC invocations=13 (full 2):
 PSYoungGen      total 242176K, used 54482K [0x00000000eab00000, 0x0000000100000000, 0x0000000100000000)
  eden space 187392K, 0% used [0x00000000eab00000,0x00000000eab00000,0x00000000f6200000)
  from space 54784K, 99% used [0x00000000f6200000,0x00000000f9734a90,0x00000000f9780000)
  to   space 83968K, 0% used [0x00000000fae00000,0x00000000fae00000,0x0000000100000000)
 ParOldGen       total 296448K, used 165069K [0x00000000c0000000, 0x00000000d2180000, 0x00000000eab00000)
  object space 296448K, 55% used [0x00000000c0000000,0x00000000ca133760,0x00000000d2180000)
 Metaspace       used 6690K, capacity 7350K, committed 7552K, reserved 1056768K
  class space    used 609K, capacity 622K, committed 640K, reserved 1048576K
}
Event: 24.551 GC heap before
{Heap before GC invocations=14 (full 2):
 PSYoungGen      total 242176K, used 241874K [0x00000000eab00000, 0x0000000100000000, 0x0000000100000000)
  eden space 187392K, 100% used [0x00000000eab00000,0x00000000f6200000,0x00000000f6200000)
  from space 54784K, 99% used [0x00000000f6200000,0x00000000f9734a90,0x00000000f9780000)
  to   space 83968K, 0% used [0x00000000fae00000,0x00000000fae00000,0x0000000100000000)
 ParOldGen       total 296448K, used 165069K [0x00000000c0000000, 0x00000000d2180000, 0x00000000eab00000)
  object space 296448K, 55% used [0x00000000c0000000,0x00000000ca133760,0x00000000d2180000)
 Metaspace       used 6698K, capacity 7350K, committed 7552K, reserved 1056768K
  class space    used 609K, capacity 622K, committed 640K, reserved 1048576K
Event: 24.719 GC heap after
Heap after GC invocations=14 (full 2):
 PSYoungGen      total 242688K, used 78933K [0x00000000eab00000, 0x0000000100000000, 0x0000000100000000)
  eden space 158720K, 0% used [0x00000000eab00000,0x00000000eab00000,0x00000000f4600000)
  from space 83968K, 94% used [0x00000000fae00000,0x00000000ffb15608,0x0000000100000000)
  to   space 95232K, 0% used [0x00000000f4600000,0x00000000f4600000,0x00000000fa300000)
 ParOldGen       total 296448K, used 165069K [0x00000000c0000000, 0x00000000d2180000, 0x00000000eab00000)
  object space 296448K, 55% used [0x00000000c0000000,0x00000000ca133760,0x00000000d2180000)
 Metaspace       used 6698K, capacity 7350K, committed 7552K, reserved 1056768K
  class space    used 609K, capacity 622K, committed 640K, reserved 1048576K
}
Event: 25.816 GC heap before
{Heap before GC invocations=15 (full 2):
 PSYoungGen      total 242688K, used 237653K [0x00000000eab00000, 0x0000000100000000, 0x0000000100000000)
  eden space 158720K, 100% used [0x00000000eab00000,0x00000000f4600000,0x00000000f4600000)
  from space 83968K, 94% used [0x00000000fae00000,0x00000000ffb15608,0x0000000100000000)
  to   space 95232K, 0% used [0x00000000f4600000,0x00000000f4600000,0x00000000fa300000)
 ParOldGen       total 296448K, used 165069K [0x00000000c0000000, 0x00000000d2180000, 0x00000000eab00000)
  object space 296448K, 55% used [0x00000000c0000000,0x00000000ca133760,0x00000000d2180000)
 Metaspace       used 6699K, capacity 7350K, committed 7552K, reserved 1056768K
  class space    used 609K, capacity 622K, committed 640K, reserved 1048576K
Event: 26.040 GC heap after
Heap after GC invocations=15 (full 2):
 PSYoungGen      total 253952K, used 95215K [0x00000000eab00000, 0x0000000100000000, 0x0000000100000000)
  eden space 158720K, 0% used [0x00000000eab00000,0x00000000eab00000,0x00000000f4600000)
  from space 95232K, 99% used [0x00000000f4600000,0x00000000fa2fbf40,0x00000000fa300000)
  to   space 95232K, 0% used [0x00000000fa300000,0x00000000fa300000,0x0000000100000000)
 ParOldGen       total 296448K, used 169788K [0x00000000c0000000, 0x00000000d2180000, 0x00000000eab00000)
  object space 296448K, 57% used [0x00000000c0000000,0x00000000ca5cf240,0x00000000d2180000)
 Metaspace       used 6699K, capacity 7350K, committed 7552K, reserved 1056768K
  class space    used 609K, capacity 622K, committed 640K, reserved 1048576K
}
Event: 28.238 GC heap before
{Heap before GC invocations=16 (full 2):
 PSYoungGen      total 253952K, used 253935K [0x00000000eab00000, 0x0000000100000000, 0x0000000100000000)
  eden space 158720K, 100% used [0x00000000eab00000,0x00000000f4600000,0x00000000f4600000)
  from space 95232K, 99% used [0x00000000f4600000,0x00000000fa2fbf40,0x00000000fa300000)
  to   space 95232K, 0% used [0x00000000fa300000,0x00000000fa300000,0x0000000100000000)
 ParOldGen       total 296448K, used 169788K [0x00000000c0000000, 0x00000000d2180000, 0x00000000eab00000)
  object space 296448K, 57% used [0x00000000c0000000,0x00000000ca5cf240,0x00000000d2180000)
 Metaspace       used 7057K, capacity 7672K, committed 7936K, reserved 1056768K
  class space    used 625K, capacity 688K, committed 768K, reserved 1048576K

