# JRE version: OpenJDK Runtime Environment (8.0) (build 1.8.0-25-microsoft-b00)
# Java VM: OpenJDK 64-Bit Server VM (25.71-b00 mixed mode windows-amd64 compressed oops)
Heap:
 PSYoungGen      total 230400K, used 168512K [0x00000000eab00000, 0x0000000100000000, 0x0000000100000000)
  eden space 136192K, 59% used [0x00000000eab00000,0x00000000efa55a28,0x00000000f3000000)
  from space 94208K, 92% used [0x00000000fa400000,0x00000000ff93a8b8,0x0000000100000000)
  to   space 106496K, 0% used [0x00000000f3000000,0x00000000f3000000,0x00000000f9800000)
 ParOldGen       total 293888K, used 194399K [0x00000000c0000000, 0x00000000d1f00000, 0x00000000eab00000)
  object space 293888K, 66% used [0x00000000c0000000,0x00000000cbdd7fb0,0x00000000d1f00000)
 Metaspace       used 7075K, capacity 7672K, committed 7936K, reserved 1056768K
  class space    used 625K, capacity 688K, committed 768K, reserved 1048576K
GC Heap History (10 events):
Event: 17.658 GC heap before
{Heap before GC invocations=12 (full 2):
 PSYoungGen      total 217600K, used 57825K [0x00000000eab00000, 0x0000000100000000, 0x0000000100000000)
  eden space 159744K, 0% used [0x00000000eab00000,0x00000000eab00000,0x00000000f4700000)
  from space 57856K, 99% used [0x00000000fc780000,0x00000000ffff86d0,0x0000000100000000)
  to   space 94720K, 0% used [0x00000000f4700000,0x00000000f4700000,0x00000000fa380000)
 ParOldGen       total 165888K, used 142964K [0x00000000c0000000, 0x00000000ca200000, 0x00000000eab00000)
  object space 165888K, 86% used [0x00000000c0000000,0x00000000c8b9d0b8,0x00000000ca200000)
 Metaspace       used 6691K, capacity 7350K, committed 7552K, reserved 1056768K
  class space    used 609K, capacity 622K, committed 640K, reserved 1048576K
Event: 21.647 GC heap after
Heap after GC invocations=12 (full 2):
 PSYoungGen      total 217600K, used 28552K [0x00000000eab00000, 0x0000000100000000, 0x0000000100000000)
  eden space 159744K, 0% used [0x00000000eab00000,0x00000000eab00000,0x00000000f4700000)
  from space 57856K, 49% used [0x00000000fc780000,0x00000000fe362268,0x0000000100000000)
  to   space 94720K, 0% used [0x00000000f4700000,0x00000000f4700000,0x00000000fa380000)
 ParOldGen       total 293888K, used 165699K [0x00000000c0000000, 0x00000000d1f00000, 0x00000000eab00000)
  object space 293888K, 56% used [0x00000000c0000000,0x00000000ca1d0ca0,0x00000000d1f00000)
 Metaspace       used 6691K, capacity 7350K, committed 7552K, reserved 1056768K
  class space    used 609K, capacity 622K, committed 640K, reserved 1048576K
}
Event: 23.546 GC heap before
{Heap before GC invocations=13 (full 2):
 PSYoungGen      total 217600K, used 188296K [0x00000000eab00000, 0x0000000100000000, 0x0000000100000000)
  eden space 159744K, 100% used [0x00000000eab00000,0x00000000f4700000,0x00000000f4700000)
  from space 57856K, 49% used [0x00000000fc780000,0x00000000fe362268,0x0000000100000000)
  to   space 94720K, 0% used [0x00000000f4700000,0x00000000f4700000,0x00000000fa380000)
 ParOldGen       total 293888K, used 165699K [0x00000000c0000000, 0x00000000d1f00000, 0x00000000eab00000)
  object space 293888K, 56% used [0x00000000c0000000,0x00000000ca1d0ca0,0x00000000d1f00000)
 Metaspace       used 6693K, capacity 7350K, committed 7552K, reserved 1056768K
  class space    used 609K, capacity 622K, committed 640K, reserved 1048576K
Event: 23.962 GC heap after
Heap after GC invocations=13 (full 2):
 PSYoungGen      total 254464K, used 22115K [0x00000000eab00000, 0x0000000100000000, 0x0000000100000000)
  eden space 159744K, 0% used [0x00000000eab00000,0x00000000eab00000,0x00000000f4700000)
  from space 94720K, 23% used [0x00000000f4700000,0x00000000f5c98fb8,0x00000000fa380000)
  to   space 91648K, 0% used [0x00000000fa680000,0x00000000fa680000,0x0000000100000000)
 ParOldGen       total 293888K, used 194391K [0x00000000c0000000, 0x00000000d1f00000, 0x00000000eab00000)
  object space 293888K, 66% used [0x00000000c0000000,0x00000000cbdd5fb0,0x00000000d1f00000)
 Metaspace       used 6693K, capacity 7350K, committed 7552K, reserved 1056768K
  class space    used 609K, capacity 622K, committed 640K, reserved 1048576K
}
Event: 25.645 GC heap before
{Heap before GC invocations=14 (full 2):
 PSYoungGen      total 254464K, used 181859K [0x00000000eab00000, 0x0000000100000000, 0x0000000100000000)
  eden space 159744K, 100% used [0x00000000eab00000,0x00000000f4700000,0x00000000f4700000)
  from space 94720K, 23% used [0x00000000f4700000,0x00000000f5c98fb8,0x00000000fa380000)
  to   space 91648K, 0% used [0x00000000fa680000,0x00000000fa680000,0x0000000100000000)
 ParOldGen       total 293888K, used 194391K [0x00000000c0000000, 0x00000000d1f00000, 0x00000000eab00000)
  object space 293888K, 66% used [0x00000000c0000000,0x00000000cbdd5fb0,0x00000000d1f00000)
 Metaspace       used 6698K, capacity 7350K, committed 7552K, reserved 1056768K
  class space    used 609K, capacity 622K, committed 640K, reserved 1048576K
Event: 25.766 GC heap after
Heap after GC invocations=14 (full 2):
 PSYoungGen      total 245248K, used 42949K [0x00000000eab00000, 0x00000000ff700000, 0x0000000100000000)
  eden space 162816K, 0% used [0x00000000eab00000,0x00000000eab00000,0x00000000f4a00000)
  from space 82432K, 52% used [0x00000000fa680000,0x00000000fd071568,0x00000000ff700000)
  to   space 88576K, 0% used [0x00000000f4a00000,0x00000000f4a00000,0x00000000fa080000)
 ParOldGen       total 293888K, used 194391K [0x00000000c0000000, 0x00000000d1f00000, 0x00000000eab00000)
  object space 293888K, 66% used [0x00000000c0000000,0x00000000cbdd5fb0,0x00000000d1f00000)
 Metaspace       used 6698K, capacity 7350K, committed 7552K, reserved 1056768K
  class space    used 609K, capacity 622K, committed 640K, reserved 1048576K
}
Event: 26.965 GC heap before
{Heap before GC invocations=15 (full 2):
 PSYoungGen      total 245248K, used 205765K [0x00000000eab00000, 0x00000000ff700000, 0x0000000100000000)
  eden space 162816K, 100% used [0x00000000eab00000,0x00000000f4a00000,0x00000000f4a00000)
  from space 82432K, 52% used [0x00000000fa680000,0x00000000fd071568,0x00000000ff700000)
  to   space 88576K, 0% used [0x00000000f4a00000,0x00000000f4a00000,0x00000000fa080000)
 ParOldGen       total 293888K, used 194391K [0x00000000c0000000, 0x00000000d1f00000, 0x00000000eab00000)
  object space 293888K, 66% used [0x00000000c0000000,0x00000000cbdd5fb0,0x00000000d1f00000)
 Metaspace       used 6701K, capacity 7350K, committed 7552K, reserved 1056768K
  class space    used 609K, capacity 622K, committed 640K, reserved 1048576K
Event: 27.221 GC heap after
Heap after GC invocations=15 (full 2):
 PSYoungGen      total 251392K, used 65667K [0x00000000eab00000, 0x0000000100000000, 0x0000000100000000)
  eden space 162816K, 0% used [0x00000000eab00000,0x00000000eab00000,0x00000000f4a00000)
  from space 88576K, 74% used [0x00000000f4a00000,0x00000000f8a20d90,0x00000000fa080000)
  to   space 94208K, 0% used [0x00000000fa400000,0x00000000fa400000,0x0000000100000000)
 ParOldGen       total 293888K, used 194391K [0x00000000c0000000, 0x00000000d1f00000, 0x00000000eab00000)
  object space 293888K, 66% used [0x00000000c0000000,0x00000000cbdd5fb0,0x00000000d1f00000)
 Metaspace       used 6701K, capacity 7350K, committed 7552K, reserved 1056768K
  class space    used 609K, capacity 622K, committed 640K, reserved 1048576K
}
Event: 28.256 GC heap before
{Heap before GC invocations=16 (full 2):
 PSYoungGen      total 251392K, used 228483K [0x00000000eab00000, 0x0000000100000000, 0x0000000100000000)
  eden space 162816K, 100% used [0x00000000eab00000,0x00000000f4a00000,0x00000000f4a00000)
  from space 88576K, 74% used [0x00000000f4a00000,0x00000000f8a20d90,0x00000000fa080000)
  to   space 94208K, 0% used [0x00000000fa400000,0x00000000fa400000,0x0000000100000000)
 ParOldGen       total 293888K, used 194391K [0x00000000c0000000, 0x00000000d1f00000, 0x00000000eab00000)
  object space 293888K, 66% used [0x00000000c0000000,0x00000000cbdd5fb0,0x00000000d1f00000)
 Metaspace       used 6764K, capacity 7448K, committed 7680K, reserved 1056768K
  class space    used 613K, capacity 656K, committed 768K, reserved 1048576K
Event: 28.531 GC heap after
Heap after GC invocations=16 (full 2):
 PSYoungGen      total 230400K, used 87274K [0x00000000eab00000, 0x0000000100000000, 0x0000000100000000)
  eden space 136192K, 0% used [0x00000000eab00000,0x00000000eab00000,0x00000000f3000000)
  from space 94208K, 92% used [0x00000000fa400000,0x00000000ff93a8b8,0x0000000100000000)
  to   space 106496K, 0% used [0x00000000f3000000,0x00000000f3000000,0x00000000f9800000)
 ParOldGen       total 293888K, used 194399K [0x00000000c0000000, 0x00000000d1f00000, 0x00000000eab00000)
  object space 293888K, 66% used [0x00000000c0000000,0x00000000cbdd7fb0,0x00000000d1f00000)
 Metaspace       used 6764K, capacity 7448K, committed 7680K, reserved 1056768K
  class space    used 613K, capacity 656K, committed 768K, reserved 1048576K
}

